<?xml version="1.0" encoding="UTF-8" ?>
<testsuite failures="0" time="4.013" errors="4" skipped="0" tests="4" name="org.apache.camel.component.hazelcast.TestHazelcastMultimapProducer">
  <properties>
[...]
</properties>
  <testcase time="3.292" classname="org.apache.camel.component.hazelcast.TestHazelcastMultimapProducer" name="testPut">
    <error message="Exception occurred during execution on the exchange: Exchange[Message: my-foo]" type="org.apache.camel.CamelExecutionException">org.apache.camel.CamelExecutionException: Exception occurred during execution on the exchange: Exchange[Message: my-foo]
	at org.apache.camel.util.ObjectHelper.wrapCamelExecutionException(ObjectHelper.java:1156)
	at org.apache.camel.util.ExchangeHelper.extractResultBody(ExchangeHelper.java:456)
	at org.apache.camel.impl.DefaultProducerTemplate.extractResultBody(DefaultProducerTemplate.java:441)
	at org.apache.camel.impl.DefaultProducerTemplate.extractResultBody(DefaultProducerTemplate.java:437)
	at org.apache.camel.impl.DefaultProducerTemplate.sendBodyAndHeader(DefaultProducerTemplate.java:151)
	at org.apache.camel.impl.DefaultProducerTemplate.sendBodyAndHeader(DefaultProducerTemplate.java:145)
	at org.apache.camel.component.hazelcast.TestHazelcastMultimapProducer.testPut(TestHazelcastMultimapProducer.java:33)
	at sun.reflect.NativeMethodAccessorImpl.invoke0(Native Method)
	at sun.reflect.NativeMethodAccessorImpl.invoke(NativeMethodAccessorImpl.java:57)
	at sun.reflect.DelegatingMethodAccessorImpl.invoke(DelegatingMethodAccessorImpl.java:43)
	at java.lang.reflect.Method.invoke(Method.java:616)
	at junit.framework.TestCase.runTest(TestCase.java:168)
	at junit.framework.TestCase.runBare(TestCase.java:134)
	at org.apache.camel.test.TestSupport.runBare(TestSupport.java:65)
	at junit.framework.TestResult$1.protect(TestResult.java:110)
	at junit.framework.TestResult.runProtected(TestResult.java:128)
	at junit.framework.TestResult.run(TestResult.java:113)
	at junit.framework.TestCase.run(TestCase.java:124)
	at junit.framework.TestSuite.runTest(TestSuite.java:232)
	at junit.framework.TestSuite.run(TestSuite.java:227)
	at org.junit.internal.runners.JUnit38ClassRunner.run(JUnit38ClassRunner.java:83)
	at org.apache.maven.surefire.junit4.JUnit4TestSet.execute(JUnit4TestSet.java:62)
	at org.apache.maven.surefire.suite.AbstractDirectoryTestSuite.executeTestSet(AbstractDirectoryTestSuite.java:140)
	at org.apache.maven.surefire.suite.AbstractDirectoryTestSuite.execute(AbstractDirectoryTestSuite.java:127)
	at org.apache.maven.surefire.Surefire.run(Surefire.java:177)
	at sun.reflect.NativeMethodAccessorImpl.invoke0(Native Method)
	at sun.reflect.NativeMethodAccessorImpl.invoke(NativeMethodAccessorImpl.java:57)
	at sun.reflect.DelegatingMethodAccessorImpl.invoke(DelegatingMethodAccessorImpl.java:43)
	at java.lang.reflect.Method.invoke(Method.java:616)
	at org.apache.maven.surefire.booter.SurefireBooter.runSuitesInProcess(SurefireBooter.java:345)
	at org.apache.maven.surefire.booter.SurefireBooter.main(SurefireBooter.java:1009)
Caused by: java.lang.RuntimeException: java.lang.reflect.InvocationTargetException
	at com.hazelcast.impl.FactoryImpl$MProxyImpl$DynamicInvoker.invoke(FactoryImpl.java:1900)
	at $Proxy6.putMulti(Unknown Source)
	at com.hazelcast.impl.FactoryImpl$MProxyImpl.putMulti(FactoryImpl.java:2233)
	at com.hazelcast.impl.FactoryImpl$MultiMapProxy$MultiMapBase.put(FactoryImpl.java:1778)
	at com.hazelcast.impl.FactoryImpl$MultiMapProxy.put(FactoryImpl.java:1628)
	at org.apache.camel.component.hazelcast.multimap.HazelcastMultimapProducer.put(HazelcastMultimapProducer.java:80)
	at org.apache.camel.component.hazelcast.multimap.HazelcastMultimapProducer.process(HazelcastMultimapProducer.java:54)
	at org.apache.camel.impl.converter.AsyncProcessorTypeConverter$ProcessorToAsyncProcessorBridge.process(AsyncProcessorTypeConverter.java:50)
	at org.apache.camel.util.AsyncProcessorHelper.process(AsyncProcessorHelper.java:70)
	at org.apache.camel.processor.SendProcessor$2.doInAsyncProducer(SendProcessor.java:104)
	at org.apache.camel.impl.ProducerCache.doInAsyncProducer(ProducerCache.java:272)
	at org.apache.camel.processor.SendProcessor.process(SendProcessor.java:98)
	at org.apache.camel.util.AsyncProcessorHelper.process(AsyncProcessorHelper.java:70)
	at org.apache.camel.processor.DelegateAsyncProcessor.processNext(DelegateAsyncProcessor.java:98)
	at org.apache.camel.processor.DelegateAsyncProcessor.process(DelegateAsyncProcessor.java:89)
	at org.apache.camel.processor.interceptor.TraceInterceptor.process(TraceInterceptor.java:99)
	at org.apache.camel.util.AsyncProcessorHelper.process(AsyncProcessorHelper.java:70)
	at org.apache.camel.processor.RedeliveryErrorHandler.processErrorHandler(RedeliveryErrorHandler.java:299)
	at org.apache.camel.processor.RedeliveryErrorHandler.process(RedeliveryErrorHandler.java:208)
	at org.apache.camel.processor.DefaultChannel.process(DefaultChannel.java:256)
	at org.apache.camel.util.AsyncProcessorHelper.process(AsyncProcessorHelper.java:70)
	at org.apache.camel.processor.Pipeline.process(Pipeline.java:143)
	at org.apache.camel.processor.Pipeline.process(Pipeline.java:78)
	at org.apache.camel.processor.UnitOfWorkProcessor.process(UnitOfWorkProcessor.java:113)
	at org.apache.camel.util.AsyncProcessorHelper.process(AsyncProcessorHelper.java:70)
	at org.apache.camel.processor.DelegateAsyncProcessor.processNext(DelegateAsyncProcessor.java:98)
	at org.apache.camel.processor.DelegateAsyncProcessor.process(DelegateAsyncProcessor.java:89)
	at org.apache.camel.management.InstrumentationProcessor.process(InstrumentationProcessor.java:68)
	at org.apache.camel.util.AsyncProcessorHelper.process(AsyncProcessorHelper.java:70)
	at org.apache.camel.component.direct.DirectProducer.process(DirectProducer.java:61)
	at org.apache.camel.processor.UnitOfWorkProcessor.process(UnitOfWorkProcessor.java:99)
	at org.apache.camel.util.AsyncProcessorHelper.process(AsyncProcessorHelper.java:91)
	at org.apache.camel.processor.DelegateAsyncProcessor.process(DelegateAsyncProcessor.java:85)
	at org.apache.camel.processor.UnitOfWorkProducer.process(UnitOfWorkProducer.java:63)
	at org.apache.camel.impl.ProducerCache$1.doInProducer(ProducerCache.java:333)
	at org.apache.camel.impl.ProducerCache$1.doInProducer(ProducerCache.java:303)
	at org.apache.camel.impl.ProducerCache.doInProducer(ProducerCache.java:208)
	at org.apache.camel.impl.ProducerCache.sendExchange(ProducerCache.java:303)
	at org.apache.camel.impl.ProducerCache.send(ProducerCache.java:154)
	at org.apache.camel.impl.DefaultProducerTemplate.send(DefaultProducerTemplate.java:110)
	at org.apache.camel.impl.DefaultProducerTemplate.sendBodyAndHeader(DefaultProducerTemplate.java:149)
	... 26 more
Caused by: java.lang.reflect.InvocationTargetException
	at sun.reflect.NativeMethodAccessorImpl.invoke0(Native Method)
	at sun.reflect.NativeMethodAccessorImpl.invoke(NativeMethodAccessorImpl.java:57)
	at sun.reflect.DelegatingMethodAccessorImpl.invoke(DelegatingMethodAccessorImpl.java:43)
	at java.lang.reflect.Method.invoke(Method.java:616)
	at com.hazelcast.impl.FactoryImpl$MProxyImpl$DynamicInvoker.invoke(FactoryImpl.java:1893)
	... 66 more
Caused by: java.lang.NullPointerException: Object cannot be null.
	at com.hazelcast.impl.FactoryImpl.check(FactoryImpl.java:1869)
	at com.hazelcast.impl.FactoryImpl.access$700(FactoryImpl.java:58)
	at com.hazelcast.impl.FactoryImpl$MProxyImpl$MProxyReal.putMulti(FactoryImpl.java:2313)
	... 71 more
</error>
    <system-err>Feb 20, 2011 7:48:33 PM org.apache.camel.test.CamelTestSupport setUp
INFO: ********************************************************************************
Feb 20, 2011 7:48:33 PM org.apache.camel.test.CamelTestSupport setUp
INFO: Testing: testPut(org.apache.camel.component.hazelcast.TestHazelcastMultimapProducer)
Feb 20, 2011 7:48:33 PM org.apache.camel.test.CamelTestSupport setUp
INFO: ********************************************************************************
Feb 20, 2011 7:48:33 PM org.apache.camel.impl.DefaultCamelContext start
INFO: Apache Camel 2.5.0 (CamelContext: camel-1) is starting
Feb 20, 2011 7:48:33 PM org.apache.camel.impl.DefaultCamelContext createManagementStrategy
INFO: JMX is disabled. Using DefaultManagementStrategy.
Feb 20, 2011 7:48:34 PM org.apache.camel.impl.converter.AnnotationTypeConverterLoader load
INFO: Found 3 packages with 13 @Converter classes to load
Feb 20, 2011 7:48:34 PM org.apache.camel.impl.converter.BaseTypeConverterRegistry loadTypeConverters
INFO: Loaded 146 type converters in 0.371 seconds
Feb 20, 2011 7:48:34 PM com.hazelcast.config.XmlConfigBuilder
INFO: Looking for hazelcast.xml config file in classpath.
Feb 20, 2011 7:48:34 PM com.hazelcast.config.XmlConfigBuilder
WARNING: Could not find hazelcast.xml in classpath.
Hazelcast will use hazelcast-default.xml config file in jar.
Feb 20, 2011 7:48:34 PM com.hazelcast.config.XmlConfigBuilder
INFO: Using configuration file file:/opt/development/maven-repo/com/hazelcast/hazelcast/1.9.2/hazelcast-1.9.2.jar!/hazelcast-default.xml in the classpath.
Feb 20, 2011 7:48:34 PM com.hazelcast.system
INFO: [dev] Hazelcast 1.9.2 (20110211) starting at Address[192.168.2.3:5701]
Feb 20, 2011 7:48:34 PM com.hazelcast.system
INFO: [dev] Copyright (C) 2008-2010 Hazelcast.com
Feb 20, 2011 7:48:34 PM com.hazelcast.impl.LifecycleServiceImpl
INFO: [dev] Address[192.168.2.3:5701] is STARTING
Feb 20, 2011 7:48:36 PM com.hazelcast.impl.Node
INFO: [dev] 


Members [1] {
	Member [192.168.2.3:5701] this
}

Feb 20, 2011 7:48:36 PM com.hazelcast.impl.LifecycleServiceImpl
INFO: [dev] Address[192.168.2.3:5701] is STARTED
Feb 20, 2011 7:48:36 PM org.apache.camel.impl.DefaultCamelContext doStartOrResumeRouteConsumers
INFO: Route: route1 started and consuming from: Endpoint[direct://put]
Feb 20, 2011 7:48:36 PM org.apache.camel.impl.DefaultCamelContext doStartOrResumeRouteConsumers
INFO: Route: route2 started and consuming from: Endpoint[direct://removevalue]
Feb 20, 2011 7:48:36 PM org.apache.camel.impl.DefaultCamelContext doStartOrResumeRouteConsumers
INFO: Route: route3 started and consuming from: Endpoint[direct://get]
Feb 20, 2011 7:48:36 PM org.apache.camel.impl.DefaultCamelContext doStartOrResumeRouteConsumers
INFO: Route: route4 started and consuming from: Endpoint[direct://delete]
Feb 20, 2011 7:48:36 PM org.apache.camel.impl.DefaultCamelContext start
INFO: Total 4 routes, of which 4 is started.
Feb 20, 2011 7:48:36 PM org.apache.camel.impl.DefaultCamelContext start
INFO: Apache Camel 2.5.0 (CamelContext: camel-1) started in 2.959 seconds
Feb 20, 2011 7:48:36 PM org.apache.camel.processor.Logger log
SEVERE: Failed delivery for exchangeId: ID-omicron-desktop-42425-1298224113645-0-2. Exhausted after delivery attempt: 1 caught: java.lang.RuntimeException: java.lang.reflect.InvocationTargetException
java.lang.RuntimeException: java.lang.reflect.InvocationTargetException
	at com.hazelcast.impl.FactoryImpl$MProxyImpl$DynamicInvoker.invoke(FactoryImpl.java:1900)
	at $Proxy6.putMulti(Unknown Source)
	at com.hazelcast.impl.FactoryImpl$MProxyImpl.putMulti(FactoryImpl.java:2233)
	at com.hazelcast.impl.FactoryImpl$MultiMapProxy$MultiMapBase.put(FactoryImpl.java:1778)
	at com.hazelcast.impl.FactoryImpl$MultiMapProxy.put(FactoryImpl.java:1628)
	at org.apache.camel.component.hazelcast.multimap.HazelcastMultimapProducer.put(HazelcastMultimapProducer.java:80)
	at org.apache.camel.component.hazelcast.multimap.HazelcastMultimapProducer.process(HazelcastMultimapProducer.java:54)
	at org.apache.camel.impl.converter.AsyncProcessorTypeConverter$ProcessorToAsyncProcessorBridge.process(AsyncProcessorTypeConverter.java:50)
	at org.apache.camel.util.AsyncProcessorHelper.process(AsyncProcessorHelper.java:70)
	at org.apache.camel.processor.SendProcessor$2.doInAsyncProducer(SendProcessor.java:104)
	at org.apache.camel.impl.ProducerCache.doInAsyncProducer(ProducerCache.java:272)
	at org.apache.camel.processor.SendProcessor.process(SendProcessor.java:98)
	at org.apache.camel.util.AsyncProcessorHelper.process(AsyncProcessorHelper.java:70)
	at org.apache.camel.processor.DelegateAsyncProcessor.processNext(DelegateAsyncProcessor.java:98)
	at org.apache.camel.processor.DelegateAsyncProcessor.process(DelegateAsyncProcessor.java:89)
	at org.apache.camel.processor.interceptor.TraceInterceptor.process(TraceInterceptor.java:99)
	at org.apache.camel.util.AsyncProcessorHelper.process(AsyncProcessorHelper.java:70)
	at org.apache.camel.processor.RedeliveryErrorHandler.processErrorHandler(RedeliveryErrorHandler.java:299)
	at org.apache.camel.processor.RedeliveryErrorHandler.process(RedeliveryErrorHandler.java:208)
	at org.apache.camel.processor.DefaultChannel.process(DefaultChannel.java:256)
	at org.apache.camel.util.AsyncProcessorHelper.process(AsyncProcessorHelper.java:70)
	at org.apache.camel.processor.Pipeline.process(Pipeline.java:143)
	at org.apache.camel.processor.Pipeline.process(Pipeline.java:78)
	at org.apache.camel.processor.UnitOfWorkProcessor.process(UnitOfWorkProcessor.java:113)
	at org.apache.camel.util.AsyncProcessorHelper.process(AsyncProcessorHelper.java:70)
	at org.apache.camel.processor.DelegateAsyncProcessor.processNext(DelegateAsyncProcessor.java:98)
	at org.apache.camel.processor.DelegateAsyncProcessor.process(DelegateAsyncProcessor.java:89)
	at org.apache.camel.management.InstrumentationProcessor.process(InstrumentationProcessor.java:68)
	at org.apache.camel.util.AsyncProcessorHelper.process(AsyncProcessorHelper.java:70)
	at org.apache.camel.component.direct.DirectProducer.process(DirectProducer.java:61)
	at org.apache.camel.processor.UnitOfWorkProcessor.process(UnitOfWorkProcessor.java:99)
	at org.apache.camel.util.AsyncProcessorHelper.process(AsyncProcessorHelper.java:91)
	at org.apache.camel.processor.DelegateAsyncProcessor.process(DelegateAsyncProcessor.java:85)
	at org.apache.camel.processor.UnitOfWorkProducer.process(UnitOfWorkProducer.java:63)
	at org.apache.camel.impl.ProducerCache$1.doInProducer(ProducerCache.java:333)
	at org.apache.camel.impl.ProducerCache$1.doInProducer(ProducerCache.java:303)
	at org.apache.camel.impl.ProducerCache.doInProducer(ProducerCache.java:208)
	at org.apache.camel.impl.ProducerCache.sendExchange(ProducerCache.java:303)
	at org.apache.camel.impl.ProducerCache.send(ProducerCache.java:154)
	at org.apache.camel.impl.DefaultProducerTemplate.send(DefaultProducerTemplate.java:110)
	at org.apache.camel.impl.DefaultProducerTemplate.sendBodyAndHeader(DefaultProducerTemplate.java:149)
	at org.apache.camel.impl.DefaultProducerTemplate.sendBodyAndHeader(DefaultProducerTemplate.java:145)
	at org.apache.camel.component.hazelcast.TestHazelcastMultimapProducer.testPut(TestHazelcastMultimapProducer.java:33)
	at sun.reflect.NativeMethodAccessorImpl.invoke0(Native Method)
	at sun.reflect.NativeMethodAccessorImpl.invoke(NativeMethodAccessorImpl.java:57)
	at sun.reflect.DelegatingMethodAccessorImpl.invoke(DelegatingMethodAccessorImpl.java:43)
	at java.lang.reflect.Method.invoke(Method.java:616)
	at junit.framework.TestCase.runTest(TestCase.java:168)
	at junit.framework.TestCase.runBare(TestCase.java:134)
	at org.apache.camel.test.TestSupport.runBare(TestSupport.java:65)
	at junit.framework.TestResult$1.protect(TestResult.java:110)
	at junit.framework.TestResult.runProtected(TestResult.java:128)
	at junit.framework.TestResult.run(TestResult.java:113)
	at junit.framework.TestCase.run(TestCase.java:124)
	at junit.framework.TestSuite.runTest(TestSuite.java:232)
	at junit.framework.TestSuite.run(TestSuite.java:227)
	at org.junit.internal.runners.JUnit38ClassRunner.run(JUnit38ClassRunner.java:83)
	at org.apache.maven.surefire.junit4.JUnit4TestSet.execute(JUnit4TestSet.java:62)
	at org.apache.maven.surefire.suite.AbstractDirectoryTestSuite.executeTestSet(AbstractDirectoryTestSuite.java:140)
	at org.apache.maven.surefire.suite.AbstractDirectoryTestSuite.execute(AbstractDirectoryTestSuite.java:127)
	at org.apache.maven.surefire.Surefire.run(Surefire.java:177)
	at sun.reflect.NativeMethodAccessorImpl.invoke0(Native Method)
	at sun.reflect.NativeMethodAccessorImpl.invoke(NativeMethodAccessorImpl.java:57)
	at sun.reflect.DelegatingMethodAccessorImpl.invoke(DelegatingMethodAccessorImpl.java:43)
	at java.lang.reflect.Method.invoke(Method.java:616)
	at org.apache.maven.surefire.booter.SurefireBooter.runSuitesInProcess(SurefireBooter.java:345)
	at org.apache.maven.surefire.booter.SurefireBooter.main(SurefireBooter.java:1009)
Caused by: java.lang.reflect.InvocationTargetException
	at sun.reflect.NativeMethodAccessorImpl.invoke0(Native Method)
	at sun.reflect.NativeMethodAccessorImpl.invoke(NativeMethodAccessorImpl.java:57)
	at sun.reflect.DelegatingMethodAccessorImpl.invoke(DelegatingMethodAccessorImpl.java:43)
	at java.lang.reflect.Method.invoke(Method.java:616)
	at com.hazelcast.impl.FactoryImpl$MProxyImpl$DynamicInvoker.invoke(FactoryImpl.java:1893)
	... 66 more
Caused by: java.lang.NullPointerException: Object cannot be null.
	at com.hazelcast.impl.FactoryImpl.check(FactoryImpl.java:1869)
	at com.hazelcast.impl.FactoryImpl.access$700(FactoryImpl.java:58)
	at com.hazelcast.impl.FactoryImpl$MProxyImpl$MProxyReal.putMulti(FactoryImpl.java:2313)
	... 71 more
Feb 20, 2011 7:48:36 PM org.apache.camel.test.CamelTestSupport tearDown
INFO: Testing done: testPut(org.apache.camel.component.hazelcast.TestHazelcastMultimapProducer)
Feb 20, 2011 7:48:36 PM org.apache.camel.impl.DefaultCamelContext doStop
INFO: Apache Camel 2.5.0 (CamelContext:camel-1) is shutting down
Feb 20, 2011 7:48:36 PM org.apache.camel.impl.DefaultShutdownStrategy doShutdown
INFO: Starting to graceful shutdown 4 routes (timeout 10 seconds)
Feb 20, 2011 7:48:36 PM org.apache.camel.impl.DefaultShutdownStrategy$ShutdownTask run
INFO: Route: route4 suspension deferred.
Feb 20, 2011 7:48:36 PM org.apache.camel.impl.DefaultShutdownStrategy$ShutdownTask run
INFO: Route: route3 suspension deferred.
Feb 20, 2011 7:48:36 PM org.apache.camel.impl.DefaultShutdownStrategy$ShutdownTask run
INFO: Route: route2 suspension deferred.
Feb 20, 2011 7:48:36 PM org.apache.camel.impl.DefaultShutdownStrategy$ShutdownTask run
INFO: Route: route1 suspension deferred.
Feb 20, 2011 7:48:36 PM org.apache.camel.impl.DefaultShutdownStrategy$ShutdownTask run
INFO: Route: route4 shutdown complete.
Feb 20, 2011 7:48:36 PM org.apache.camel.impl.DefaultShutdownStrategy$ShutdownTask run
INFO: Route: route3 shutdown complete.
Feb 20, 2011 7:48:36 PM org.apache.camel.impl.DefaultShutdownStrategy$ShutdownTask run
INFO: Route: route2 shutdown complete.
Feb 20, 2011 7:48:36 PM org.apache.camel.impl.DefaultShutdownStrategy$ShutdownTask run
INFO: Route: route1 shutdown complete.
Feb 20, 2011 7:48:36 PM org.apache.camel.impl.DefaultShutdownStrategy doShutdown
INFO: Graceful shutdown of 4 routes completed in 0 seconds
Feb 20, 2011 7:48:36 PM org.apache.camel.impl.DefaultInflightRepository doStop
INFO: Shutting down with no inflight exchanges.
Feb 20, 2011 7:48:36 PM org.apache.camel.impl.DefaultCamelContext doStop
INFO: Uptime: 2.987 seconds
Feb 20, 2011 7:48:36 PM org.apache.camel.impl.DefaultCamelContext doStop
INFO: Apache Camel 2.5.0 (CamelContext: camel-1) is shutdown in 0.008 seconds
</system-err>
  </testcase>
  <testcase time="0.255" classname="org.apache.camel.component.hazelcast.TestHazelcastMultimapProducer" name="testGet">
    <error message="Exception occurred during execution on the exchange: Exchange[Message: [Body is null]]" type="org.apache.camel.CamelExecutionException">org.apache.camel.CamelExecutionException: Exception occurred during execution on the exchange: Exchange[Message: [Body is null]]
	at org.apache.camel.util.ObjectHelper.wrapCamelExecutionException(ObjectHelper.java:1156)
	at org.apache.camel.util.ExchangeHelper.extractResultBody(ExchangeHelper.java:456)
	at org.apache.camel.impl.DefaultProducerTemplate.extractResultBody(DefaultProducerTemplate.java:441)
	at org.apache.camel.impl.DefaultProducerTemplate.extractResultBody(DefaultProducerTemplate.java:437)
	at org.apache.camel.impl.DefaultProducerTemplate.sendBodyAndHeader(DefaultProducerTemplate.java:151)
	at org.apache.camel.impl.DefaultProducerTemplate.sendBodyAndHeader(DefaultProducerTemplate.java:145)
	at org.apache.camel.component.hazelcast.TestHazelcastMultimapProducer.testGet(TestHazelcastMultimapProducer.java:69)
	at sun.reflect.NativeMethodAccessorImpl.invoke0(Native Method)
	at sun.reflect.NativeMethodAccessorImpl.invoke(NativeMethodAccessorImpl.java:57)
	at sun.reflect.DelegatingMethodAccessorImpl.invoke(DelegatingMethodAccessorImpl.java:43)
	at java.lang.reflect.Method.invoke(Method.java:616)
	at junit.framework.TestCase.runTest(TestCase.java:168)
	at junit.framework.TestCase.runBare(TestCase.java:134)
	at org.apache.camel.test.TestSupport.runBare(TestSupport.java:65)
	at junit.framework.TestResult$1.protect(TestResult.java:110)
	at junit.framework.TestResult.runProtected(TestResult.java:128)
	at junit.framework.TestResult.run(TestResult.java:113)
	at junit.framework.TestCase.run(TestCase.java:124)
	at junit.framework.TestSuite.runTest(TestSuite.java:232)
	at junit.framework.TestSuite.run(TestSuite.java:227)
	at org.junit.internal.runners.JUnit38ClassRunner.run(JUnit38ClassRunner.java:83)
	at org.apache.maven.surefire.junit4.JUnit4TestSet.execute(JUnit4TestSet.java:62)
	at org.apache.maven.surefire.suite.AbstractDirectoryTestSuite.executeTestSet(AbstractDirectoryTestSuite.java:140)
	at org.apache.maven.surefire.suite.AbstractDirectoryTestSuite.execute(AbstractDirectoryTestSuite.java:127)
	at org.apache.maven.surefire.Surefire.run(Surefire.java:177)
	at sun.reflect.NativeMethodAccessorImpl.invoke0(Native Method)
	at sun.reflect.NativeMethodAccessorImpl.invoke(NativeMethodAccessorImpl.java:57)
	at sun.reflect.DelegatingMethodAccessorImpl.invoke(DelegatingMethodAccessorImpl.java:43)
	at java.lang.reflect.Method.invoke(Method.java:616)
	at org.apache.maven.surefire.booter.SurefireBooter.runSuitesInProcess(SurefireBooter.java:345)
	at org.apache.maven.surefire.booter.SurefireBooter.main(SurefireBooter.java:1009)
Caused by: java.lang.NullPointerException: Object cannot be null.
	at com.hazelcast.impl.FactoryImpl.check(FactoryImpl.java:1869)
	at com.hazelcast.impl.FactoryImpl.access$700(FactoryImpl.java:58)
	at com.hazelcast.impl.FactoryImpl$MProxyImpl$MProxyReal.get(FactoryImpl.java:2398)
	at com.hazelcast.impl.FactoryImpl$MProxyImpl.get(FactoryImpl.java:1941)
	at com.hazelcast.impl.FactoryImpl$MultiMapProxy$MultiMapBase.get(FactoryImpl.java:1774)
	at com.hazelcast.impl.FactoryImpl$MultiMapProxy.get(FactoryImpl.java:1633)
	at org.apache.camel.component.hazelcast.multimap.HazelcastMultimapProducer.get(HazelcastMultimapProducer.java:84)
	at org.apache.camel.component.hazelcast.multimap.HazelcastMultimapProducer.process(HazelcastMultimapProducer.java:58)
	at org.apache.camel.impl.converter.AsyncProcessorTypeConverter$ProcessorToAsyncProcessorBridge.process(AsyncProcessorTypeConverter.java:50)
	at org.apache.camel.util.AsyncProcessorHelper.process(AsyncProcessorHelper.java:70)
	at org.apache.camel.processor.SendProcessor$2.doInAsyncProducer(SendProcessor.java:104)
	at org.apache.camel.impl.ProducerCache.doInAsyncProducer(ProducerCache.java:272)
	at org.apache.camel.processor.SendProcessor.process(SendProcessor.java:98)
	at org.apache.camel.util.AsyncProcessorHelper.process(AsyncProcessorHelper.java:70)
	at org.apache.camel.processor.DelegateAsyncProcessor.processNext(DelegateAsyncProcessor.java:98)
	at org.apache.camel.processor.DelegateAsyncProcessor.process(DelegateAsyncProcessor.java:89)
	at org.apache.camel.processor.interceptor.TraceInterceptor.process(TraceInterceptor.java:99)
	at org.apache.camel.util.AsyncProcessorHelper.process(AsyncProcessorHelper.java:70)
	at org.apache.camel.processor.RedeliveryErrorHandler.processErrorHandler(RedeliveryErrorHandler.java:299)
	at org.apache.camel.processor.RedeliveryErrorHandler.process(RedeliveryErrorHandler.java:208)
	at org.apache.camel.processor.DefaultChannel.process(DefaultChannel.java:256)
	at org.apache.camel.util.AsyncProcessorHelper.process(AsyncProcessorHelper.java:70)
	at org.apache.camel.processor.Pipeline.process(Pipeline.java:143)
	at org.apache.camel.processor.Pipeline.process(Pipeline.java:78)
	at org.apache.camel.processor.UnitOfWorkProcessor.process(UnitOfWorkProcessor.java:113)
	at org.apache.camel.util.AsyncProcessorHelper.process(AsyncProcessorHelper.java:70)
	at org.apache.camel.processor.DelegateAsyncProcessor.processNext(DelegateAsyncProcessor.java:98)
	at org.apache.camel.processor.DelegateAsyncProcessor.process(DelegateAsyncProcessor.java:89)
	at org.apache.camel.management.InstrumentationProcessor.process(InstrumentationProcessor.java:68)
	at org.apache.camel.util.AsyncProcessorHelper.process(AsyncProcessorHelper.java:70)
	at org.apache.camel.component.direct.DirectProducer.process(DirectProducer.java:61)
	at org.apache.camel.processor.UnitOfWorkProcessor.process(UnitOfWorkProcessor.java:99)
	at org.apache.camel.util.AsyncProcessorHelper.process(AsyncProcessorHelper.java:91)
	at org.apache.camel.processor.DelegateAsyncProcessor.process(DelegateAsyncProcessor.java:85)
	at org.apache.camel.processor.UnitOfWorkProducer.process(UnitOfWorkProducer.java:63)
	at org.apache.camel.impl.ProducerCache$1.doInProducer(ProducerCache.java:333)
	at org.apache.camel.impl.ProducerCache$1.doInProducer(ProducerCache.java:303)
	at org.apache.camel.impl.ProducerCache.doInProducer(ProducerCache.java:208)
	at org.apache.camel.impl.ProducerCache.sendExchange(ProducerCache.java:303)
	at org.apache.camel.impl.ProducerCache.send(ProducerCache.java:154)
	at org.apache.camel.impl.DefaultProducerTemplate.send(DefaultProducerTemplate.java:110)
	at org.apache.camel.impl.DefaultProducerTemplate.sendBodyAndHeader(DefaultProducerTemplate.java:149)
	... 26 more
</error>
  </testcase>
  <testcase time="0.241" classname="org.apache.camel.component.hazelcast.TestHazelcastMultimapProducer" name="testDelete">
    <error message="Exception occurred during execution on the exchange: Exchange[Message: [Body is null]]" type="org.apache.camel.CamelExecutionException">org.apache.camel.CamelExecutionException: Exception occurred during execution on the exchange: Exchange[Message: [Body is null]]
	at org.apache.camel.util.ObjectHelper.wrapCamelExecutionException(ObjectHelper.java:1156)
	at org.apache.camel.util.ExchangeHelper.extractResultBody(ExchangeHelper.java:456)
	at org.apache.camel.impl.DefaultProducerTemplate.extractResultBody(DefaultProducerTemplate.java:441)
	at org.apache.camel.impl.DefaultProducerTemplate.extractResultBody(DefaultProducerTemplate.java:437)
	at org.apache.camel.impl.DefaultProducerTemplate.sendBodyAndHeader(DefaultProducerTemplate.java:151)
	at org.apache.camel.impl.DefaultProducerTemplate.sendBodyAndHeader(DefaultProducerTemplate.java:145)
	at org.apache.camel.component.hazelcast.TestHazelcastMultimapProducer.testDelete(TestHazelcastMultimapProducer.java:84)
	at sun.reflect.NativeMethodAccessorImpl.invoke0(Native Method)
	at sun.reflect.NativeMethodAccessorImpl.invoke(NativeMethodAccessorImpl.java:57)
	at sun.reflect.DelegatingMethodAccessorImpl.invoke(DelegatingMethodAccessorImpl.java:43)
	at java.lang.reflect.Method.invoke(Method.java:616)
	at junit.framework.TestCase.runTest(TestCase.java:168)
	at junit.framework.TestCase.runBare(TestCase.java:134)
	at org.apache.camel.test.TestSupport.runBare(TestSupport.java:65)
	at junit.framework.TestResult$1.protect(TestResult.java:110)
	at junit.framework.TestResult.runProtected(TestResult.java:128)
	at junit.framework.TestResult.run(TestResult.java:113)
	at junit.framework.TestCase.run(TestCase.java:124)
	at junit.framework.TestSuite.runTest(TestSuite.java:232)
	at junit.framework.TestSuite.run(TestSuite.java:227)
	at org.junit.internal.runners.JUnit38ClassRunner.run(JUnit38ClassRunner.java:83)
	at org.apache.maven.surefire.junit4.JUnit4TestSet.execute(JUnit4TestSet.java:62)
	at org.apache.maven.surefire.suite.AbstractDirectoryTestSuite.executeTestSet(AbstractDirectoryTestSuite.java:140)
	at org.apache.maven.surefire.suite.AbstractDirectoryTestSuite.execute(AbstractDirectoryTestSuite.java:127)
	at org.apache.maven.surefire.Surefire.run(Surefire.java:177)
	at sun.reflect.NativeMethodAccessorImpl.invoke0(Native Method)
	at sun.reflect.NativeMethodAccessorImpl.invoke(NativeMethodAccessorImpl.java:57)
	at sun.reflect.DelegatingMethodAccessorImpl.invoke(DelegatingMethodAccessorImpl.java:43)
	at java.lang.reflect.Method.invoke(Method.java:616)
	at org.apache.maven.surefire.booter.SurefireBooter.runSuitesInProcess(SurefireBooter.java:345)
	at org.apache.maven.surefire.booter.SurefireBooter.main(SurefireBooter.java:1009)
Caused by: java.lang.NullPointerException: Object cannot be null.
	at com.hazelcast.impl.FactoryImpl.check(FactoryImpl.java:1869)
	at com.hazelcast.impl.FactoryImpl.access$700(FactoryImpl.java:58)
	at com.hazelcast.impl.FactoryImpl$MProxyImpl$MProxyReal.remove(FactoryImpl.java:2405)
	at com.hazelcast.impl.FactoryImpl$MProxyImpl.remove(FactoryImpl.java:2019)
	at com.hazelcast.impl.FactoryImpl$MultiMapProxy$MultiMapBase.remove(FactoryImpl.java:1786)
	at com.hazelcast.impl.FactoryImpl$MultiMapProxy.remove(FactoryImpl.java:1643)
	at org.apache.camel.component.hazelcast.multimap.HazelcastMultimapProducer.delete(HazelcastMultimapProducer.java:88)
	at org.apache.camel.component.hazelcast.multimap.HazelcastMultimapProducer.process(HazelcastMultimapProducer.java:62)
	at org.apache.camel.impl.converter.AsyncProcessorTypeConverter$ProcessorToAsyncProcessorBridge.process(AsyncProcessorTypeConverter.java:50)
	at org.apache.camel.util.AsyncProcessorHelper.process(AsyncProcessorHelper.java:70)
	at org.apache.camel.processor.SendProcessor$2.doInAsyncProducer(SendProcessor.java:104)
	at org.apache.camel.impl.ProducerCache.doInAsyncProducer(ProducerCache.java:272)
	at org.apache.camel.processor.SendProcessor.process(SendProcessor.java:98)
	at org.apache.camel.util.AsyncProcessorHelper.process(AsyncProcessorHelper.java:70)
	at org.apache.camel.processor.DelegateAsyncProcessor.processNext(DelegateAsyncProcessor.java:98)
	at org.apache.camel.processor.DelegateAsyncProcessor.process(DelegateAsyncProcessor.java:89)
	at org.apache.camel.processor.interceptor.TraceInterceptor.process(TraceInterceptor.java:99)
	at org.apache.camel.util.AsyncProcessorHelper.process(AsyncProcessorHelper.java:70)
	at org.apache.camel.processor.RedeliveryErrorHandler.processErrorHandler(RedeliveryErrorHandler.java:299)
	at org.apache.camel.processor.RedeliveryErrorHandler.process(RedeliveryErrorHandler.java:208)
	at org.apache.camel.processor.DefaultChannel.process(DefaultChannel.java:256)
	at org.apache.camel.util.AsyncProcessorHelper.process(AsyncProcessorHelper.java:70)
	at org.apache.camel.processor.Pipeline.process(Pipeline.java:143)
	at org.apache.camel.processor.Pipeline.process(Pipeline.java:78)
	at org.apache.camel.processor.UnitOfWorkProcessor.process(UnitOfWorkProcessor.java:113)
	at org.apache.camel.util.AsyncProcessorHelper.process(AsyncProcessorHelper.java:70)
	at org.apache.camel.processor.DelegateAsyncProcessor.processNext(DelegateAsyncProcessor.java:98)
	at org.apache.camel.processor.DelegateAsyncProcessor.process(DelegateAsyncProcessor.java:89)
	at org.apache.camel.management.InstrumentationProcessor.process(InstrumentationProcessor.java:68)
	at org.apache.camel.util.AsyncProcessorHelper.process(AsyncProcessorHelper.java:70)
	at org.apache.camel.component.direct.DirectProducer.process(DirectProducer.java:61)
	at org.apache.camel.processor.UnitOfWorkProcessor.process(UnitOfWorkProcessor.java:99)
	at org.apache.camel.util.AsyncProcessorHelper.process(AsyncProcessorHelper.java:91)
	at org.apache.camel.processor.DelegateAsyncProcessor.process(DelegateAsyncProcessor.java:85)
	at org.apache.camel.processor.UnitOfWorkProducer.process(UnitOfWorkProducer.java:63)
	at org.apache.camel.impl.ProducerCache$1.doInProducer(ProducerCache.java:333)
	at org.apache.camel.impl.ProducerCache$1.doInProducer(ProducerCache.java:303)
	at org.apache.camel.impl.ProducerCache.doInProducer(ProducerCache.java:208)
	at org.apache.camel.impl.ProducerCache.sendExchange(ProducerCache.java:303)
	at org.apache.camel.impl.ProducerCache.send(ProducerCache.java:154)
	at org.apache.camel.impl.DefaultProducerTemplate.send(DefaultProducerTemplate.java:110)
	at org.apache.camel.impl.DefaultProducerTemplate.sendBodyAndHeader(DefaultProducerTemplate.java:149)
	... 26 more
</error>
  </testcase>
  <testcase time="0.209" classname="org.apache.camel.component.hazelcast.TestHazelcastMultimapProducer" name="testRemoveValue">
    <error message="Exception occurred during execution on the exchange: Exchange[Message: my-foo]" type="org.apache.camel.CamelExecutionException">org.apache.camel.CamelExecutionException: Exception occurred during execution on the exchange: Exchange[Message: my-foo]
	at org.apache.camel.util.ObjectHelper.wrapCamelExecutionException(ObjectHelper.java:1156)
	at org.apache.camel.util.ExchangeHelper.extractResultBody(ExchangeHelper.java:456)
	at org.apache.camel.impl.DefaultProducerTemplate.extractResultBody(DefaultProducerTemplate.java:441)
	at org.apache.camel.impl.DefaultProducerTemplate.extractResultBody(DefaultProducerTemplate.java:437)
	at org.apache.camel.impl.DefaultProducerTemplate.sendBodyAndHeader(DefaultProducerTemplate.java:151)
	at org.apache.camel.impl.DefaultProducerTemplate.sendBodyAndHeader(DefaultProducerTemplate.java:145)
	at org.apache.camel.component.hazelcast.TestHazelcastMultimapProducer.testRemoveValue(TestHazelcastMultimapProducer.java:54)
	at sun.reflect.NativeMethodAccessorImpl.invoke0(Native Method)
	at sun.reflect.NativeMethodAccessorImpl.invoke(NativeMethodAccessorImpl.java:57)
	at sun.reflect.DelegatingMethodAccessorImpl.invoke(DelegatingMethodAccessorImpl.java:43)
	at java.lang.reflect.Method.invoke(Method.java:616)
	at junit.framework.TestCase.runTest(TestCase.java:168)
	at junit.framework.TestCase.runBare(TestCase.java:134)
	at org.apache.camel.test.TestSupport.runBare(TestSupport.java:65)
	at junit.framework.TestResult$1.protect(TestResult.java:110)
	at junit.framework.TestResult.runProtected(TestResult.java:128)
	at junit.framework.TestResult.run(TestResult.java:113)
	at junit.framework.TestCase.run(TestCase.java:124)
	at junit.framework.TestSuite.runTest(TestSuite.java:232)
	at junit.framework.TestSuite.run(TestSuite.java:227)
	at org.junit.internal.runners.JUnit38ClassRunner.run(JUnit38ClassRunner.java:83)
	at org.apache.maven.surefire.junit4.JUnit4TestSet.execute(JUnit4TestSet.java:62)
	at org.apache.maven.surefire.suite.AbstractDirectoryTestSuite.executeTestSet(AbstractDirectoryTestSuite.java:140)
	at org.apache.maven.surefire.suite.AbstractDirectoryTestSuite.execute(AbstractDirectoryTestSuite.java:127)
	at org.apache.maven.surefire.Surefire.run(Surefire.java:177)
	at sun.reflect.NativeMethodAccessorImpl.invoke0(Native Method)
	at sun.reflect.NativeMethodAccessorImpl.invoke(NativeMethodAccessorImpl.java:57)
	at sun.reflect.DelegatingMethodAccessorImpl.invoke(DelegatingMethodAccessorImpl.java:43)
	at java.lang.reflect.Method.invoke(Method.java:616)
	at org.apache.maven.surefire.booter.SurefireBooter.runSuitesInProcess(SurefireBooter.java:345)
	at org.apache.maven.surefire.booter.SurefireBooter.main(SurefireBooter.java:1009)
Caused by: java.lang.RuntimeException: java.lang.reflect.InvocationTargetException
	at com.hazelcast.impl.FactoryImpl$MProxyImpl$DynamicInvoker.invoke(FactoryImpl.java:1900)
	at $Proxy6.removeMulti(Unknown Source)
	at com.hazelcast.impl.FactoryImpl$MProxyImpl.removeMulti(FactoryImpl.java:2237)
	at com.hazelcast.impl.FactoryImpl$MultiMapProxy$MultiMapBase.remove(FactoryImpl.java:1782)
	at com.hazelcast.impl.FactoryImpl$MultiMapProxy.remove(FactoryImpl.java:1638)
	at org.apache.camel.component.hazelcast.multimap.HazelcastMultimapProducer.removevalue(HazelcastMultimapProducer.java:92)
	at org.apache.camel.component.hazelcast.multimap.HazelcastMultimapProducer.process(HazelcastMultimapProducer.java:66)
	at org.apache.camel.impl.converter.AsyncProcessorTypeConverter$ProcessorToAsyncProcessorBridge.process(AsyncProcessorTypeConverter.java:50)
	at org.apache.camel.util.AsyncProcessorHelper.process(AsyncProcessorHelper.java:70)
	at org.apache.camel.processor.SendProcessor$2.doInAsyncProducer(SendProcessor.java:104)
	at org.apache.camel.impl.ProducerCache.doInAsyncProducer(ProducerCache.java:272)
	at org.apache.camel.processor.SendProcessor.process(SendProcessor.java:98)
	at org.apache.camel.util.AsyncProcessorHelper.process(AsyncProcessorHelper.java:70)
	at org.apache.camel.processor.DelegateAsyncProcessor.processNext(DelegateAsyncProcessor.java:98)
	at org.apache.camel.processor.DelegateAsyncProcessor.process(DelegateAsyncProcessor.java:89)
	at org.apache.camel.processor.interceptor.TraceInterceptor.process(TraceInterceptor.java:99)
	at org.apache.camel.util.AsyncProcessorHelper.process(AsyncProcessorHelper.java:70)
	at org.apache.camel.processor.RedeliveryErrorHandler.processErrorHandler(RedeliveryErrorHandler.java:299)
	at org.apache.camel.processor.RedeliveryErrorHandler.process(RedeliveryErrorHandler.java:208)
	at org.apache.camel.processor.DefaultChannel.process(DefaultChannel.java:256)
	at org.apache.camel.util.AsyncProcessorHelper.process(AsyncProcessorHelper.java:70)
	at org.apache.camel.processor.Pipeline.process(Pipeline.java:143)
	at org.apache.camel.processor.Pipeline.process(Pipeline.java:78)
	at org.apache.camel.processor.UnitOfWorkProcessor.process(UnitOfWorkProcessor.java:113)
	at org.apache.camel.util.AsyncProcessorHelper.process(AsyncProcessorHelper.java:70)
	at org.apache.camel.processor.DelegateAsyncProcessor.processNext(DelegateAsyncProcessor.java:98)
	at org.apache.camel.processor.DelegateAsyncProcessor.process(DelegateAsyncProcessor.java:89)
	at org.apache.camel.management.InstrumentationProcessor.process(InstrumentationProcessor.java:68)
	at org.apache.camel.util.AsyncProcessorHelper.process(AsyncProcessorHelper.java:70)
	at org.apache.camel.component.direct.DirectProducer.process(DirectProducer.java:61)
	at org.apache.camel.processor.UnitOfWorkProcessor.process(UnitOfWorkProcessor.java:99)
	at org.apache.camel.util.AsyncProcessorHelper.process(AsyncProcessorHelper.java:91)
	at org.apache.camel.processor.DelegateAsyncProcessor.process(DelegateAsyncProcessor.java:85)
	at org.apache.camel.processor.UnitOfWorkProducer.process(UnitOfWorkProducer.java:63)
	at org.apache.camel.impl.ProducerCache$1.doInProducer(ProducerCache.java:333)
	at org.apache.camel.impl.ProducerCache$1.doInProducer(ProducerCache.java:303)
	at org.apache.camel.impl.ProducerCache.doInProducer(ProducerCache.java:208)
	at org.apache.camel.impl.ProducerCache.sendExchange(ProducerCache.java:303)
	at org.apache.camel.impl.ProducerCache.send(ProducerCache.java:154)
	at org.apache.camel.impl.DefaultProducerTemplate.send(DefaultProducerTemplate.java:110)
	at org.apache.camel.impl.DefaultProducerTemplate.sendBodyAndHeader(DefaultProducerTemplate.java:149)
	... 26 more
Caused by: java.lang.reflect.InvocationTargetException
	at sun.reflect.NativeMethodAccessorImpl.invoke0(Native Method)
	at sun.reflect.NativeMethodAccessorImpl.invoke(NativeMethodAccessorImpl.java:57)
	at sun.reflect.DelegatingMethodAccessorImpl.invoke(DelegatingMethodAccessorImpl.java:43)
	at java.lang.reflect.Method.invoke(Method.java:616)
	at com.hazelcast.impl.FactoryImpl$MProxyImpl$DynamicInvoker.invoke(FactoryImpl.java:1893)
	... 66 more
Caused by: java.lang.NullPointerException: Object cannot be null.
	at com.hazelcast.impl.FactoryImpl.check(FactoryImpl.java:1869)
	at com.hazelcast.impl.FactoryImpl.access$700(FactoryImpl.java:58)
	at com.hazelcast.impl.FactoryImpl$MProxyImpl$MProxyReal.removeMulti(FactoryImpl.java:2426)
	... 71 more
</error>
  </testcase>
</testsuite>